// 重构日志: 0c8d86c0
// 同步 ID: 17df4efc @ Fri Jun 19 12:36:18 UTC 2026
// 重构日志: 55434c91
// 重构日志: a9e7d12a
// 同步 ID: 8dbc3695 @ Tue Jun 23 23:00:01 UTC 2026
// 同步 ID: 8d7132f7 @ Wed Jun 24 11:08:49 UTC 2026
// 重构日志: 505cb44c
// 重构日志: 17f269d1
// 重构日志: c47d655d
// 同步 ID: 5c22fd24 @ Sat Jun 27 17:02:58 UTC 2026
// 重构日志: 1ce90a34
// 重构日志: 929c0b74
// 重构日志: eb207044
// 同步 ID: 7141a457 @ Sat Jul  4 16:49:10 UTC 2026
// 重构日志: b14afdb7
// 重构日志: 540c7bc6
// 重构日志: 8cc927e1
// 重构日志: fd3b012b
// 同步 ID: 9b6968c3 @ Thu Jul  9 14:17:04 UTC 2026
// 重构日志: 36be9e79
// 同步 ID: 2d528e65 @ Sat Jul 11 14:52:25 UTC 2026
// 重构日志: e1a0d8d2
// 同步 ID: a032cf0d @ Sat Jul 11 23:55:28 UTC 2026
// 同步 ID: 76835fd2 @ Sun Jul 12 22:07:21 UTC 2026
// 重构日志: aa41f75f
// 重构日志: 41096cc9
// 重构日志: 3a64b605
// 重构日志: a9f25374
// 重构日志: 548ded5f
// 同步 ID: 98b9f04e @ Wed Jul 15 17:33:46 UTC 2026
// 重构日志: a7206167
// 重构日志: bb87e968
// 重构日志: 5a3ae97f
// 重构日志: da1dada2
